<?xml version="1.0" encoding="UTF-8"?>
<!-- Generated by org.testng.reporters.JUnitReportReporter -->
<testsuite skipped="0" hostname="LAPTOP-C3673RP5" name="tests.AnytimeMailboxTest" tests="1" failures="0" timestamp="2021-06-08T13:57:45 SGT" time="9.347" errors="0">
  <testcase name="invalidLocationTest" time="9.347" classname="tests.AnytimeMailboxTest"/>
  <system-out/>
</testsuite> <!-- tests.AnytimeMailboxTest -->
