<?xml version="1.0" encoding="UTF-8"?>
<!-- Generated by org.testng.reporters.JUnitReportReporter -->
<testsuite skipped="0" hostname="LAPTOP-C3673RP5" name="tests.LoginTest" tests="1" failures="0" timestamp="2021-06-08T15:09:44 SGT" time="8.943" errors="0">
  <testcase name="LogInTest" time="8.943" classname="tests.LoginTest"/>
  <system-out/>
</testsuite> <!-- tests.LoginTest -->
